# JRE version: OpenJDK Runtime Environment Temurin-21.0.8+9 (21.0.8+9) (build 21.0.8+9-LTS)
# Java VM: OpenJDK 64-Bit Server VM Temurin-21.0.8+9 (21.0.8+9-LTS, mixed mode, sharing, tiered, compressed oops, compressed class ptrs, parallel gc, windows-amd64)
GC Precious Log:
 CardTable entry size: 512
 CPUs: 8 total, 8 available
 Memory: 7931M
 Large Page Support: Disabled
 NUMA Support: Disabled
 Compressed Oops: Enabled (32-bit)
 Alignments: Space 512K, Generation 512K, Heap 2M
 Heap Min Capacity: 100M
 Heap Initial Capacity: 100M
 Heap Max Capacity: 2G
 Pre-touch: Disabled
 Parallel Workers: 8
Heap:
 PSYoungGen      total 24064K, used 18787K [0x00000000d5580000, 0x00000000d7200000, 0x0000000100000000)
  eden space 22016K, 76% used [0x00000000d5580000,0x00000000d660cfe0,0x00000000d6b00000)
  from space 2048K, 89% used [0x00000000d7000000,0x00000000d71cc010,0x00000000d7200000)
  to   space 2048K, 0% used [0x00000000d6e00000,0x00000000d6e00000,0x00000000d7000000)
 ParOldGen       total 68608K, used 18278K [0x0000000080000000, 0x0000000084300000, 0x00000000d5580000)
  object space 68608K, 26% used [0x0000000080000000,0x00000000811d99f8,0x0000000084300000)
 Metaspace       used 39190K, committed 40256K, reserved 1114112K
  class space    used 4181K, committed 4672K, reserved 1048576K
GC Heap History (20 events):
Event: 10.519 GC heap before
{Heap before GC invocations=7 (full 0):
 PSYoungGen      total 30208K, used 26137K [0x00000000d5580000, 0x00000000d7900000, 0x0000000100000000)
  eden space 24576K, 84% used [0x00000000d5580000,0x00000000d69be7f0,0x00000000d6d80000)
  from space 5632K, 96% used [0x00000000d7380000,0x00000000d78c7fb0,0x00000000d7900000)
  to   space 5632K, 0% used [0x00000000d6e00000,0x00000000d6e00000,0x00000000d7380000)
 ParOldGen       total 68608K, used 8079K [0x0000000080000000, 0x0000000084300000, 0x00000000d5580000)
  object space 68608K, 11% used [0x0000000080000000,0x00000000807e3d48,0x0000000084300000)
 Metaspace       used 20695K, committed 21504K, reserved 1114112K
  class space    used 2169K, committed 2560K, reserved 1048576K
}
Event: 10.526 GC heap after
{Heap after GC invocations=7 (full 0):
 PSYoungGen      total 29696K, used 4680K [0x00000000d5580000, 0x00000000d7780000, 0x0000000100000000)
  eden space 24576K, 0% used [0x00000000d5580000,0x00000000d5580000,0x00000000d6d80000)
  from space 5120K, 91% used [0x00000000d6e00000,0x00000000d72923c0,0x00000000d7300000)
  to   space 4608K, 0% used [0x00000000d7300000,0x00000000d7300000,0x00000000d7780000)
 ParOldGen       total 68608K, used 9430K [0x0000000080000000, 0x0000000084300000, 0x00000000d5580000)
  object space 68608K, 13% used [0x0000000080000000,0x0000000080935ab0,0x0000000084300000)
 Metaspace       used 20695K, committed 21504K, reserved 1114112K
  class space    used 2169K, committed 2560K, reserved 1048576K
}
Event: 10.526 GC heap before
{Heap before GC invocations=8 (full 1):
 PSYoungGen      total 29696K, used 4680K [0x00000000d5580000, 0x00000000d7780000, 0x0000000100000000)
  eden space 24576K, 0% used [0x00000000d5580000,0x00000000d5580000,0x00000000d6d80000)
  from space 5120K, 91% used [0x00000000d6e00000,0x00000000d72923c0,0x00000000d7300000)
  to   space 4608K, 0% used [0x00000000d7300000,0x00000000d7300000,0x00000000d7780000)
 ParOldGen       total 68608K, used 9430K [0x0000000080000000, 0x0000000084300000, 0x00000000d5580000)
  object space 68608K, 13% used [0x0000000080000000,0x0000000080935ab0,0x0000000084300000)
 Metaspace       used 20695K, committed 21504K, reserved 1114112K
  class space    used 2169K, committed 2560K, reserved 1048576K
}
Event: 10.583 GC heap after
{Heap after GC invocations=8 (full 1):
 PSYoungGen      total 29696K, used 0K [0x00000000d5580000, 0x00000000d7780000, 0x0000000100000000)
  eden space 24576K, 0% used [0x00000000d5580000,0x00000000d5580000,0x00000000d6d80000)
  from space 5120K, 0% used [0x00000000d6e00000,0x00000000d6e00000,0x00000000d7300000)
  to   space 4608K, 0% used [0x00000000d7300000,0x00000000d7300000,0x00000000d7780000)
 ParOldGen       total 68608K, used 13145K [0x0000000080000000, 0x0000000084300000, 0x00000000d5580000)
  object space 68608K, 19% used [0x0000000080000000,0x0000000080cd6468,0x0000000084300000)
 Metaspace       used 20682K, committed 21504K, reserved 1114112K
  class space    used 2166K, committed 2560K, reserved 1048576K
}
Event: 11.100 GC heap before
{Heap before GC invocations=9 (full 1):
 PSYoungGen      total 29696K, used 24576K [0x00000000d5580000, 0x00000000d7780000, 0x0000000100000000)
  eden space 24576K, 100% used [0x00000000d5580000,0x00000000d6d80000,0x00000000d6d80000)
  from space 5120K, 0% used [0x00000000d6e00000,0x00000000d6e00000,0x00000000d7300000)
  to   space 4608K, 0% used [0x00000000d7300000,0x00000000d7300000,0x00000000d7780000)
 ParOldGen       total 68608K, used 13145K [0x0000000080000000, 0x0000000084300000, 0x00000000d5580000)
  object space 68608K, 19% used [0x0000000080000000,0x0000000080cd6468,0x0000000084300000)
 Metaspace       used 23189K, committed 24064K, reserved 1114112K
  class space    used 2334K, committed 2688K, reserved 1048576K
}
Event: 11.101 GC heap after
{Heap after GC invocations=9 (full 1):
 PSYoungGen      total 25088K, used 795K [0x00000000d5580000, 0x00000000d7400000, 0x0000000100000000)
  eden space 24064K, 0% used [0x00000000d5580000,0x00000000d5580000,0x00000000d6d00000)
  from space 1024K, 77% used [0x00000000d7300000,0x00000000d73c6f60,0x00000000d7400000)
  to   space 2560K, 0% used [0x00000000d6f00000,0x00000000d6f00000,0x00000000d7180000)
 ParOldGen       total 68608K, used 13145K [0x0000000080000000, 0x0000000084300000, 0x00000000d5580000)
  object space 68608K, 19% used [0x0000000080000000,0x0000000080cd6468,0x0000000084300000)
 Metaspace       used 23189K, committed 24064K, reserved 1114112K
  class space    used 2334K, committed 2688K, reserved 1048576K
}
Event: 11.622 GC heap before
{Heap before GC invocations=10 (full 1):
 PSYoungGen      total 25088K, used 24859K [0x00000000d5580000, 0x00000000d7400000, 0x0000000100000000)
  eden space 24064K, 100% used [0x00000000d5580000,0x00000000d6d00000,0x00000000d6d00000)
  from space 1024K, 77% used [0x00000000d7300000,0x00000000d73c6f60,0x00000000d7400000)
  to   space 2560K, 0% used [0x00000000d6f00000,0x00000000d6f00000,0x00000000d7180000)
 ParOldGen       total 68608K, used 13145K [0x0000000080000000, 0x0000000084300000, 0x00000000d5580000)
  object space 68608K, 19% used [0x0000000080000000,0x0000000080cd6468,0x0000000084300000)
 Metaspace       used 26548K, committed 27456K, reserved 1114112K
  class space    used 2619K, committed 3008K, reserved 1048576K
}
Event: 11.628 GC heap after
{Heap after GC invocations=10 (full 1):
 PSYoungGen      total 26112K, used 2555K [0x00000000d5580000, 0x00000000d7380000, 0x0000000100000000)
  eden space 23552K, 0% used [0x00000000d5580000,0x00000000d5580000,0x00000000d6c80000)
  from space 2560K, 99% used [0x00000000d6f00000,0x00000000d717ee68,0x00000000d7180000)
  to   space 2048K, 0% used [0x00000000d7180000,0x00000000d7180000,0x00000000d7380000)
 ParOldGen       total 68608K, used 13153K [0x0000000080000000, 0x0000000084300000, 0x00000000d5580000)
  object space 68608K, 19% used [0x0000000080000000,0x0000000080cd8468,0x0000000084300000)
 Metaspace       used 26548K, committed 27456K, reserved 1114112K
  class space    used 2619K, committed 3008K, reserved 1048576K
}
Event: 12.236 GC heap before
{Heap before GC invocations=11 (full 1):
 PSYoungGen      total 26112K, used 26107K [0x00000000d5580000, 0x00000000d7380000, 0x0000000100000000)
  eden space 23552K, 100% used [0x00000000d5580000,0x00000000d6c80000,0x00000000d6c80000)
  from space 2560K, 99% used [0x00000000d6f00000,0x00000000d717ee68,0x00000000d7180000)
  to   space 2048K, 0% used [0x00000000d7180000,0x00000000d7180000,0x00000000d7380000)
 ParOldGen       total 68608K, used 13153K [0x0000000080000000, 0x0000000084300000, 0x00000000d5580000)
  object space 68608K, 19% used [0x0000000080000000,0x0000000080cd8468,0x0000000084300000)
 Metaspace       used 28001K, committed 28864K, reserved 1114112K
  class space    used 2773K, committed 3136K, reserved 1048576K
}
Event: 12.239 GC heap after
{Heap after GC invocations=11 (full 1):
 PSYoungGen      total 25088K, used 1587K [0x00000000d5580000, 0x00000000d7380000, 0x0000000100000000)
  eden space 23040K, 0% used [0x00000000d5580000,0x00000000d5580000,0x00000000d6c00000)
  from space 2048K, 77% used [0x00000000d7180000,0x00000000d730cc98,0x00000000d7380000)
  to   space 2048K, 0% used [0x00000000d6f80000,0x00000000d6f80000,0x00000000d7180000)
 ParOldGen       total 68608K, used 14460K [0x0000000080000000, 0x0000000084300000, 0x00000000d5580000)
  object space 68608K, 21% used [0x0000000080000000,0x0000000080e1f180,0x0000000084300000)
 Metaspace       used 28001K, committed 28864K, reserved 1114112K
  class space    used 2773K, committed 3136K, reserved 1048576K
}
Event: 12.959 GC heap before
{Heap before GC invocations=12 (full 1):
 PSYoungGen      total 25088K, used 24627K [0x00000000d5580000, 0x00000000d7380000, 0x0000000100000000)
  eden space 23040K, 100% used [0x00000000d5580000,0x00000000d6c00000,0x00000000d6c00000)
  from space 2048K, 77% used [0x00000000d7180000,0x00000000d730cc98,0x00000000d7380000)
  to   space 2048K, 0% used [0x00000000d6f80000,0x00000000d6f80000,0x00000000d7180000)
 ParOldGen       total 68608K, used 14460K [0x0000000080000000, 0x0000000084300000, 0x00000000d5580000)
  object space 68608K, 21% used [0x0000000080000000,0x0000000080e1f180,0x0000000084300000)
 Metaspace       used 31627K, committed 32576K, reserved 1114112K
  class space    used 3200K, committed 3584K, reserved 1048576K
}
Event: 12.968 GC heap after
{Heap after GC invocations=12 (full 1):
 PSYoungGen      total 24576K, used 1536K [0x00000000d5580000, 0x00000000d7200000, 0x0000000100000000)
  eden space 22528K, 0% used [0x00000000d5580000,0x00000000d5580000,0x00000000d6b80000)
  from space 2048K, 75% used [0x00000000d6f80000,0x00000000d71001a8,0x00000000d7180000)
  to   space 512K, 0% used [0x00000000d7180000,0x00000000d7180000,0x00000000d7200000)
 ParOldGen       total 68608K, used 15847K [0x0000000080000000, 0x0000000084300000, 0x00000000d5580000)
  object space 68608K, 23% used [0x0000000080000000,0x0000000080f79eb0,0x0000000084300000)
 Metaspace       used 31627K, committed 32576K, reserved 1114112K
  class space    used 3200K, committed 3584K, reserved 1048576K
}
Event: 13.743 GC heap before
{Heap before GC invocations=13 (full 1):
 PSYoungGen      total 24576K, used 24064K [0x00000000d5580000, 0x00000000d7200000, 0x0000000100000000)
  eden space 22528K, 100% used [0x00000000d5580000,0x00000000d6b80000,0x00000000d6b80000)
  from space 2048K, 75% used [0x00000000d6f80000,0x00000000d71001a8,0x00000000d7180000)
  to   space 512K, 0% used [0x00000000d7180000,0x00000000d7180000,0x00000000d7200000)
 ParOldGen       total 68608K, used 15847K [0x0000000080000000, 0x0000000084300000, 0x00000000d5580000)
  object space 68608K, 23% used [0x0000000080000000,0x0000000080f79eb0,0x0000000084300000)
 Metaspace       used 33324K, committed 34368K, reserved 1114112K
  class space    used 3427K, committed 3904K, reserved 1048576K
}
Event: 13.748 GC heap after
{Heap after GC invocations=13 (full 1):
 PSYoungGen      total 22528K, used 480K [0x00000000d5580000, 0x00000000d7200000, 0x0000000100000000)
  eden space 22016K, 0% used [0x00000000d5580000,0x00000000d5580000,0x00000000d6b00000)
  from space 512K, 93% used [0x00000000d7180000,0x00000000d71f8288,0x00000000d7200000)
  to   space 2560K, 0% used [0x00000000d6d00000,0x00000000d6d00000,0x00000000d6f80000)
 ParOldGen       total 68608K, used 17454K [0x0000000080000000, 0x0000000084300000, 0x00000000d5580000)
  object space 68608K, 25% used [0x0000000080000000,0x000000008110bab0,0x0000000084300000)
 Metaspace       used 33324K, committed 34368K, reserved 1114112K
  class space    used 3427K, committed 3904K, reserved 1048576K
}
Event: 14.053 GC heap before
{Heap before GC invocations=14 (full 1):
 PSYoungGen      total 22528K, used 16578K [0x00000000d5580000, 0x00000000d7200000, 0x0000000100000000)
  eden space 22016K, 73% used [0x00000000d5580000,0x00000000d65387f8,0x00000000d6b00000)
  from space 512K, 93% used [0x00000000d7180000,0x00000000d71f8288,0x00000000d7200000)
  to   space 2560K, 0% used [0x00000000d6d00000,0x00000000d6d00000,0x00000000d6f80000)
 ParOldGen       total 68608K, used 17454K [0x0000000080000000, 0x0000000084300000, 0x00000000d5580000)
  object space 68608K, 25% used [0x0000000080000000,0x000000008110bab0,0x0000000084300000)
 Metaspace       used 34769K, committed 35840K, reserved 1114112K
  class space    used 3594K, committed 4096K, reserved 1048576K
}
Event: 14.055 GC heap after
{Heap after GC invocations=14 (full 1):
 PSYoungGen      total 24576K, used 1284K [0x00000000d5580000, 0x00000000d7200000, 0x0000000100000000)
  eden space 22016K, 0% used [0x00000000d5580000,0x00000000d5580000,0x00000000d6b00000)
  from space 2560K, 50% used [0x00000000d6d00000,0x00000000d6e41008,0x00000000d6f80000)
  to   space 2048K, 0% used [0x00000000d7000000,0x00000000d7000000,0x00000000d7200000)
 ParOldGen       total 68608K, used 17890K [0x0000000080000000, 0x0000000084300000, 0x00000000d5580000)
  object space 68608K, 26% used [0x0000000080000000,0x0000000081178be0,0x0000000084300000)
 Metaspace       used 34769K, committed 35840K, reserved 1114112K
  class space    used 3594K, committed 4096K, reserved 1048576K
}
Event: 14.055 GC heap before
{Heap before GC invocations=15 (full 2):
 PSYoungGen      total 24576K, used 1284K [0x00000000d5580000, 0x00000000d7200000, 0x0000000100000000)
  eden space 22016K, 0% used [0x00000000d5580000,0x00000000d5580000,0x00000000d6b00000)
  from space 2560K, 50% used [0x00000000d6d00000,0x00000000d6e41008,0x00000000d6f80000)
  to   space 2048K, 0% used [0x00000000d7000000,0x00000000d7000000,0x00000000d7200000)
 ParOldGen       total 68608K, used 17890K [0x0000000080000000, 0x0000000084300000, 0x00000000d5580000)
  object space 68608K, 26% used [0x0000000080000000,0x0000000081178be0,0x0000000084300000)
 Metaspace       used 34769K, committed 35840K, reserved 1114112K
  class space    used 3594K, committed 4096K, reserved 1048576K
}
Event: 14.155 GC heap after
{Heap after GC invocations=15 (full 2):
 PSYoungGen      total 24576K, used 0K [0x00000000d5580000, 0x00000000d7200000, 0x0000000100000000)
  eden space 22016K, 0% used [0x00000000d5580000,0x00000000d5580000,0x00000000d6b00000)
  from space 2560K, 0% used [0x00000000d6d00000,0x00000000d6d00000,0x00000000d6f80000)
  to   space 2048K, 0% used [0x00000000d7000000,0x00000000d7000000,0x00000000d7200000)
 ParOldGen       total 68608K, used 18270K [0x0000000080000000, 0x0000000084300000, 0x00000000d5580000)
  object space 68608K, 26% used [0x0000000080000000,0x00000000811d79f8,0x0000000084300000)
 Metaspace       used 34746K, committed 35840K, reserved 1114112K
  class space    used 3587K, committed 4096K, reserved 1048576K
}
Event: 14.661 GC heap before
{Heap before GC invocations=16 (full 2):
 PSYoungGen      total 24576K, used 22016K [0x00000000d5580000, 0x00000000d7200000, 0x0000000100000000)
  eden space 22016K, 100% used [0x00000000d5580000,0x00000000d6b00000,0x00000000d6b00000)
  from space 2560K, 0% used [0x00000000d6d00000,0x00000000d6d00000,0x00000000d6f80000)
  to   space 2048K, 0% used [0x00000000d7000000,0x00000000d7000000,0x00000000d7200000)
 ParOldGen       total 68608K, used 18270K [0x0000000080000000, 0x0000000084300000, 0x00000000d5580000)
  object space 68608K, 26% used [0x0000000080000000,0x00000000811d79f8,0x0000000084300000)
 Metaspace       used 37306K, committed 38400K, reserved 1114112K
  class space    used 3932K, committed 4416K, reserved 1048576K
}
Event: 14.664 GC heap after
{Heap after GC invocations=16 (full 2):
 PSYoungGen      total 24064K, used 1840K [0x00000000d5580000, 0x00000000d7200000, 0x0000000100000000)
  eden space 22016K, 0% used [0x00000000d5580000,0x00000000d5580000,0x00000000d6b00000)
  from space 2048K, 89% used [0x00000000d7000000,0x00000000d71cc010,0x00000000d7200000)
  to   space 2048K, 0% used [0x00000000d6e00000,0x00000000d6e00000,0x00000000d7000000)
 ParOldGen       total 68608K, used 18278K [0x0000000080000000, 0x0000000084300000, 0x00000000d5580000)
  object space 68608K, 26% used [0x0000000080000000,0x00000000811d99f8,0x0000000084300000)
 Metaspace       used 37306K, committed 38400K, reserved 1114112K
  class space    used 3932K, committed 4416K, reserved 1048576K
}

